Arguments: 
  /usr/local/Cellar/node/10.10.0/bin/node /usr/local/Cellar/yarn/1.3.2/libexec/bin/yarn.js init

PATH: 
  /Users/jajackson/.rvm/gems/ruby-2.5.1/bin:/Users/jajackson/.rvm/gems/ruby-2.5.1@global/bin:/Users/jajackson/.rvm/rubies/ruby-2.5.1/bin:/Users/jajackson/.rbenv/shims:/Library/Frameworks/Python.framework/Versions/2.7/bin:/anaconda3/bin:/Users/jajackson/.rbenv/shims:/usr/local/bin:/usr/bin:/bin:/usr/sbin:/sbin:/usr/local/go/bin:/Users/jajackson/.rvm/bin

Yarn version: 
  1.3.2

Node version: 
  10.10.0

Platform: 
  darwin x64

npm manifest: 
  No manifest

yarn manifest: 
  No manifest

Lockfile: 
  No lockfile

Trace: 
  Error: canceled
      at Interface.<anonymous> (/usr/local/Cellar/yarn/1.3.2/libexec/lib/cli.js:121045:13)
      at Interface.emit (events.js:182:13)
      at Interface._ttyWrite (readline.js:783:16)
      at ReadStream.onkeypress (readline.js:168:10)
      at ReadStream.emit (events.js:182:13)
      at emitKeys (internal/readline.js:424:14)
      at emitKeys.next (<anonymous>)
      at ReadStream.onData (readline.js:1022:36)
      at ReadStream.emit (events.js:182:13)
      at addChunk (_stream_readable.js:283:12)
